<?xml version="1.0" encoding="UTF-8"?>
<!-- Generated by org.testng.reporters.JUnitReportReporter -->
<testsuite skipped="0" hostname="DESKTOP-2IEME8E" name="script.ValidLogin" tests="2" failures="0" timestamp="16 Mar 2018 15:15:59 GMT" time="72.697" errors="0">
  <testcase name="testValidLogin" time="53.630" classname="script.ValidLogin"/>
  <testcase name="testValidLogin" time="19.067" classname="script.ValidLogin"/>
</testsuite> <!-- script.ValidLogin -->
