<?xml version="1.0" encoding="UTF-8"?>
<!-- Generated by org.testng.reporters.JUnitReportReporter -->
<testsuite skipped="0" hostname="DESKTOP-2IEME8E" name="script.ValidLogin" tests="1" failures="0" timestamp="16 Mar 2018 15:10:53 GMT" time="34.462" errors="0">
  <testcase name="testValidLogin" time="34.462" classname="script.ValidLogin"/>
</testsuite> <!-- script.ValidLogin -->
